This file contains any messages produced by compilers while
running configure, to aid debugging if configure makes a mistake.

It was created by Google C++ Testing Framework configure 1.7.0, which was
generated by GNU Autoconf 2.71.  Invocation command line was

  $ ./configure --disable-option-checking --prefix=/home/tkt/Documents/GitHub/CalvinDB/ext/protobuf 'CXXFLAGS=-std=gnu++11 -fPIC' CFLAGS= --cache-file=/dev/null --srcdir=.

## --------- ##
## Platform. ##
## --------- ##

hostname = TKTDebian
uname -m = x86_64
uname -r = 6.1.0-37-amd64
uname -s = Linux
uname -v = #1 SMP PREEMPT_DYNAMIC Debian 6.1.140-1 (2025-05-22)

/usr/bin/uname -p = unknown
/bin/uname -X     = unknown

/bin/arch              = x86_64
/usr/bin/arch -k       = unknown
/usr/convex/getsysinfo = unknown
/usr/bin/hostinfo      = unknown
/bin/machine           = unknown
/usr/bin/oslevel       = unknown
/bin/universe          = unknown

PATH: /home/tkt/.nvm/versions/node/v20.19.4/bin/
PATH: /usr/local/bin/
PATH: /usr/bin/
PATH: /bin/
PATH: /usr/local/games/
PATH: /usr/games/
PATH: /snap/bin/
PATH: /home/tkt/.dotnet/tools/


## ----------- ##
## Core tests. ##
## ----------- ##

configure:2720: looking for aux files: config.guess config.sub ltmain.sh compile missing install-sh
configure:2733:  trying ./build-aux/
configure:2762:   ./build-aux/config.guess found
configure:2762:   ./build-aux/config.sub found
configure:2762:   ./build-aux/ltmain.sh found
configure:2762:   ./build-aux/compile found
configure:2762:   ./build-aux/missing found
configure:2744:   ./build-aux/install-sh found
configure:2907: checking for a BSD-compatible install
configure:2980: result: /usr/bin/install -c
configure:2991: checking whether build environment is sane
configure:3046: result: yes
configure:3205: checking for a race-free mkdir -p
configure:3249: result: /usr/bin/mkdir -p
configure:3256: checking for gawk
configure:3291: result: no
configure:3256: checking for mawk
configure:3277: found /usr/bin/mawk
configure:3288: result: mawk
configure:3299: checking whether make sets $(MAKE)
configure:3322: result: yes
configure:3352: checking whether make supports nested variables
configure:3370: result: yes
configure:3570: checking for gcc
configure:3591: found /usr/bin/gcc
configure:3602: result: gcc
configure:3955: checking for C compiler version
configure:3964: gcc --version >&5
gcc (Debian 12.2.0-14+deb12u1) 12.2.0
Copyright (C) 2022 Free Software Foundation, Inc.
This is free software; see the source for copying conditions.  There is NO
warranty; not even for MERCHANTABILITY or FITNESS FOR A PARTICULAR PURPOSE.

configure:3975: $? = 0
configure:3964: gcc -v >&5
Using built-in specs.
COLLECT_GCC=gcc
COLLECT_LTO_WRAPPER=/usr/lib/gcc/x86_64-linux-gnu/12/lto-wrapper
OFFLOAD_TARGET_NAMES=nvptx-none:amdgcn-amdhsa
OFFLOAD_TARGET_DEFAULT=1
Target: x86_64-linux-gnu
Configured with: ../src/configure -v --with-pkgversion='Debian 12.2.0-14+deb12u1' --with-bugurl=file:///usr/share/doc/gcc-12/README.Bugs --enable-languages=c,ada,c++,go,d,fortran,objc,obj-c++,m2 --prefix=/usr --with-gcc-major-version-only --program-suffix=-12 --program-prefix=x86_64-linux-gnu- --enable-shared --enable-linker-build-id --libexecdir=/usr/lib --without-included-gettext --enable-threads=posix --libdir=/usr/lib --enable-nls --enable-clocale=gnu --enable-libstdcxx-debug --enable-libstdcxx-time=yes --with-default-libstdcxx-abi=new --enable-gnu-unique-object --disable-vtable-verify --enable-plugin --enable-default-pie --with-system-zlib --enable-libphobos-checking=release --with-target-system-zlib=auto --enable-objc-gc=auto --enable-multiarch --disable-werror --enable-cet --with-arch-32=i686 --with-abi=m64 --with-multilib-list=m32,m64,mx32 --enable-multilib --with-tune=generic --enable-offload-targets=nvptx-none=/build/reproducible-path/gcc-12-12.2.0/debian/tmp-nvptx/usr,amdgcn-amdhsa=/build/reproducible-path/gcc-12-12.2.0/debian/tmp-gcn/usr --enable-offload-defaulted --without-cuda-driver --enable-checking=release --build=x86_64-linux-gnu --host=x86_64-linux-gnu --target=x86_64-linux-gnu
Thread model: posix
Supported LTO compression algorithms: zlib zstd
gcc version 12.2.0 (Debian 12.2.0-14+deb12u1) 
... rest of stderr output deleted ...
configure:3975: $? = 0
configure:3964: gcc -V >&5
gcc: error: unrecognized command-line option '-V'
gcc: fatal error: no input files
compilation terminated.
configure:3975: $? = 1
configure:3964: gcc -qversion >&5
gcc: error: unrecognized command-line option '-qversion'; did you mean '--version'?
gcc: fatal error: no input files
compilation terminated.
configure:3975: $? = 1
configure:3964: gcc -version >&5
gcc: error: unrecognized command-line option '-version'
gcc: fatal error: no input files
compilation terminated.
configure:3975: $? = 1
configure:3995: checking whether the C compiler works
configure:4017: gcc    conftest.c  >&5
configure:4021: $? = 0
configure:4071: result: yes
configure:4074: checking for C compiler default output file name
configure:4076: result: a.out
configure:4082: checking for suffix of executables
configure:4089: gcc -o conftest    conftest.c  >&5
configure:4093: $? = 0
configure:4116: result: 
configure:4138: checking whether we are cross compiling
configure:4146: gcc -o conftest    conftest.c  >&5
configure:4150: $? = 0
configure:4157: ./conftest
configure:4161: $? = 0
configure:4176: result: no
configure:4181: checking for suffix of object files
configure:4204: gcc -c   conftest.c >&5
configure:4208: $? = 0
configure:4230: result: o
configure:4234: checking whether the compiler supports GNU C
configure:4254: gcc -c   conftest.c >&5
configure:4254: $? = 0
configure:4264: result: yes
configure:4275: checking whether gcc accepts -g
configure:4296: gcc -c -g  conftest.c >&5
configure:4296: $? = 0
configure:4340: result: yes
configure:4360: checking for gcc option to enable C11 features
configure:4375: gcc  -c   conftest.c >&5
configure:4375: $? = 0
configure:4393: result: none needed
configure:4509: checking whether gcc understands -c and -o together
configure:4532: gcc -c conftest.c -o conftest2.o
configure:4535: $? = 0
configure:4532: gcc -c conftest.c -o conftest2.o
configure:4535: $? = 0
configure:4547: result: yes
configure:4567: checking whether make supports the include directive
configure:4582: make -f confmf.GNU && cat confinc.out
this is the am__doit target
configure:4585: $? = 0
configure:4604: result: yes (GNU style)
configure:4630: checking dependency style of gcc
configure:4742: result: gcc3
configure:4826: checking for g++
configure:4847: found /usr/bin/g++
configure:4858: result: g++
configure:4885: checking for C++ compiler version
configure:4894: g++ --version >&5
g++ (Debian 12.2.0-14+deb12u1) 12.2.0
Copyright (C) 2022 Free Software Foundation, Inc.
This is free software; see the source for copying conditions.  There is NO
warranty; not even for MERCHANTABILITY or FITNESS FOR A PARTICULAR PURPOSE.

configure:4905: $? = 0
configure:4894: g++ -v >&5
Using built-in specs.
COLLECT_GCC=g++
COLLECT_LTO_WRAPPER=/usr/lib/gcc/x86_64-linux-gnu/12/lto-wrapper
OFFLOAD_TARGET_NAMES=nvptx-none:amdgcn-amdhsa
OFFLOAD_TARGET_DEFAULT=1
Target: x86_64-linux-gnu
Configured with: ../src/configure -v --with-pkgversion='Debian 12.2.0-14+deb12u1' --with-bugurl=file:///usr/share/doc/gcc-12/README.Bugs --enable-languages=c,ada,c++,go,d,fortran,objc,obj-c++,m2 --prefix=/usr --with-gcc-major-version-only --program-suffix=-12 --program-prefix=x86_64-linux-gnu- --enable-shared --enable-linker-build-id --libexecdir=/usr/lib --without-included-gettext --enable-threads=posix --libdir=/usr/lib --enable-nls --enable-clocale=gnu --enable-libstdcxx-debug --enable-libstdcxx-time=yes --with-default-libstdcxx-abi=new --enable-gnu-unique-object --disable-vtable-verify --enable-plugin --enable-default-pie --with-system-zlib --enable-libphobos-checking=release --with-target-system-zlib=auto --enable-objc-gc=auto --enable-multiarch --disable-werror --enable-cet --with-arch-32=i686 --with-abi=m64 --with-multilib-list=m32,m64,mx32 --enable-multilib --with-tune=generic --enable-offload-targets=nvptx-none=/build/reproducible-path/gcc-12-12.2.0/debian/tmp-nvptx/usr,amdgcn-amdhsa=/build/reproducible-path/gcc-12-12.2.0/debian/tmp-gcn/usr --enable-offload-defaulted --without-cuda-driver --enable-checking=release --build=x86_64-linux-gnu --host=x86_64-linux-gnu --target=x86_64-linux-gnu
Thread model: posix
Supported LTO compression algorithms: zlib zstd
gcc version 12.2.0 (Debian 12.2.0-14+deb12u1) 
... rest of stderr output deleted ...
configure:4905: $? = 0
configure:4894: g++ -V >&5
g++: error: unrecognized command-line option '-V'
g++: fatal error: no input files
compilation terminated.
configure:4905: $? = 1
configure:4894: g++ -qversion >&5
g++: error: unrecognized command-line option '-qversion'; did you mean '--version'?
g++: fatal error: no input files
compilation terminated.
configure:4905: $? = 1
configure:4909: checking whether the compiler supports GNU C++
configure:4929: g++ -c -std=gnu++11 -fPIC  conftest.cpp >&5
configure:4929: $? = 0
configure:4939: result: yes
configure:4950: checking whether g++ accepts -g
configure:4971: g++ -c -g  conftest.cpp >&5
configure:4971: $? = 0
configure:5015: result: yes
configure:5035: checking for g++ option to enable C++11 features
configure:5050: g++  -c -std=gnu++11 -fPIC  conftest.cpp >&5
conftest.cpp: In function 'int main(int, char**)':
conftest.cpp:177:25: warning: empty parentheses were disambiguated as a function declaration [-Wvexing-parse]
  177 |   cxx11test::delegate d2();
      |                         ^~
conftest.cpp:177:25: note: remove parentheses to default-initialize a variable
  177 |   cxx11test::delegate d2();
      |                         ^~
      |                         --
conftest.cpp:177:25: note: or replace parentheses with braces to value-initialize a variable
configure:5050: $? = 0
configure:5068: result: none needed
configure:5134: checking dependency style of g++
configure:5246: result: gcc3
configure:5299: checking build system type
configure:5314: result: x86_64-pc-linux-gnu
configure:5334: checking host system type
configure:5348: result: x86_64-pc-linux-gnu
configure:5389: checking how to print strings
configure:5416: result: printf
configure:5437: checking for a sed that does not truncate output
configure:5507: result: /usr/bin/sed
configure:5525: checking for grep that handles long lines and -e
configure:5589: result: /usr/bin/grep
configure:5594: checking for egrep
configure:5662: result: /usr/bin/grep -E
configure:5667: checking for fgrep
configure:5735: result: /usr/bin/grep -F
configure:5771: checking for ld used by gcc
configure:5839: result: /usr/bin/ld
configure:5846: checking if the linker (/usr/bin/ld) is GNU ld
configure:5862: result: yes
configure:5874: checking for BSD- or MS-compatible name lister (nm)
configure:5929: result: /usr/bin/nm -B
configure:6069: checking the name lister (/usr/bin/nm -B) interface
configure:6077: g++ -c -std=gnu++11 -fPIC  conftest.cpp >&5
configure:6080: /usr/bin/nm -B "conftest.o"
configure:6083: output
0000000000000000 B some_variable
configure:6090: result: BSD nm
configure:6093: checking whether ln -s works
configure:6097: result: yes
configure:6105: checking the maximum length of command line arguments
configure:6237: result: 1572864
configure:6285: checking how to convert x86_64-pc-linux-gnu file names to x86_64-pc-linux-gnu format
configure:6326: result: func_convert_file_noop
configure:6333: checking how to convert x86_64-pc-linux-gnu file names to toolchain format
configure:6354: result: func_convert_file_noop
configure:6361: checking for /usr/bin/ld option to reload object files
configure:6369: result: -r
configure:6448: checking for file
configure:6469: found /usr/bin/file
configure:6480: result: file
configure:6556: checking for objdump
configure:6577: found /usr/bin/objdump
configure:6588: result: objdump
configure:6620: checking how to recognize dependent libraries
configure:6821: result: pass_all
configure:6911: checking for dlltool
configure:6946: result: no
configure:6976: checking how to associate runtime and link libraries
configure:7004: result: printf %s\n
configure:7070: checking for ar
configure:7091: found /usr/bin/ar
configure:7102: result: ar
configure:7155: checking for archiver @FILE support
configure:7173: g++ -c -std=gnu++11 -fPIC  conftest.cpp >&5
configure:7173: $? = 0
configure:7177: ar cr libconftest.a @conftest.lst >&5
configure:7180: $? = 0
configure:7185: ar cr libconftest.a @conftest.lst >&5
ar: conftest.o: No such file or directory
configure:7188: $? = 1
configure:7200: result: @
configure:7263: checking for strip
configure:7284: found /usr/bin/strip
configure:7295: result: strip
configure:7372: checking for ranlib
configure:7393: found /usr/bin/ranlib
configure:7404: result: ranlib
configure:7506: checking command to parse /usr/bin/nm -B output from gcc object
configure:7660: g++ -c -std=gnu++11 -fPIC  conftest.cpp >&5
configure:7663: $? = 0
configure:7667: /usr/bin/nm -B conftest.o | /usr/bin/sed -n -e 's/^.*[	 ]\([ABCDGIRSTW][ABCDGIRSTW]*\)[	 ][	 ]*\([_A-Za-z][_A-Za-z0-9]*\)$/\1 \2 \2/p' | /usr/bin/sed '/ __gnu_lto/d' > conftest.nm
configure:7733: g++ -o conftest -std=gnu++11 -fPIC   conftest.cpp conftstm.o >&5
configure:7736: $? = 0
configure:7774: result: ok
configure:7821: checking for sysroot
configure:7852: result: no
configure:7859: checking for a working dd
configure:7903: result: /usr/bin/dd
configure:7907: checking how to truncate binary pipes
configure:7923: result: /usr/bin/dd bs=4096 count=1
configure:8061: g++ -c -std=gnu++11 -fPIC  conftest.cpp >&5
configure:8064: $? = 0
configure:8261: checking for mt
configure:8282: found /usr/bin/mt
configure:8293: result: mt
configure:8316: checking if mt is a manifest tool
configure:8323: mt '-?'
configure:8331: result: no
configure:9056: checking for stdio.h
configure:9056: g++ -c -std=gnu++11 -fPIC  conftest.cpp >&5
configure:9056: $? = 0
configure:9056: result: yes
configure:9056: checking for stdlib.h
configure:9056: g++ -c -std=gnu++11 -fPIC  conftest.cpp >&5
configure:9056: $? = 0
configure:9056: result: yes
configure:9056: checking for string.h
configure:9056: g++ -c -std=gnu++11 -fPIC  conftest.cpp >&5
configure:9056: $? = 0
configure:9056: result: yes
configure:9056: checking for inttypes.h
configure:9056: g++ -c -std=gnu++11 -fPIC  conftest.cpp >&5
configure:9056: $? = 0
configure:9056: result: yes
configure:9056: checking for stdint.h
configure:9056: g++ -c -std=gnu++11 -fPIC  conftest.cpp >&5
configure:9056: $? = 0
configure:9056: result: yes
configure:9056: checking for strings.h
configure:9056: g++ -c -std=gnu++11 -fPIC  conftest.cpp >&5
configure:9056: $? = 0
configure:9056: result: yes
configure:9056: checking for sys/stat.h
configure:9056: g++ -c -std=gnu++11 -fPIC  conftest.cpp >&5
configure:9056: $? = 0
configure:9056: result: yes
configure:9056: checking for sys/types.h
configure:9056: g++ -c -std=gnu++11 -fPIC  conftest.cpp >&5
configure:9056: $? = 0
configure:9056: result: yes
configure:9056: checking for unistd.h
configure:9056: g++ -c -std=gnu++11 -fPIC  conftest.cpp >&5
configure:9056: $? = 0
configure:9056: result: yes
configure:9081: checking for dlfcn.h
configure:9081: g++ -c -std=gnu++11 -fPIC  conftest.cpp >&5
configure:9081: $? = 0
configure:9081: result: yes
configure:9350: checking for objdir
configure:9366: result: .libs
configure:9630: checking if gcc supports -fno-rtti -fno-exceptions
configure:9649: gcc -c   -fno-rtti -fno-exceptions conftest.c >&5
cc1: warning: command-line option '-fno-rtti' is valid for C++/D/ObjC++ but not for C
configure:9653: $? = 0
configure:9666: result: no
configure:10030: checking for gcc option to produce PIC
configure:10038: result: -fPIC -DPIC
configure:10046: checking if gcc PIC flag -fPIC -DPIC works
configure:10065: gcc -c   -fPIC -DPIC -DPIC conftest.c >&5
configure:10069: $? = 0
configure:10082: result: yes
configure:10111: checking if gcc static flag -static works
configure:10140: result: yes
configure:10155: checking if gcc supports -c -o file.o
configure:10177: gcc -c   -o out/conftest2.o conftest.c >&5
configure:10181: $? = 0
configure:10203: result: yes
configure:10211: checking if gcc supports -c -o file.o
configure:10259: result: yes
configure:10292: checking whether the gcc linker (/usr/bin/ld -m elf_x86_64) supports shared libraries
configure:11566: result: yes
configure:11603: checking whether -lc should be explicitly linked in
configure:11612: gcc -c   conftest.c >&5
configure:11615: $? = 0
configure:11630: gcc -shared  -fPIC -DPIC conftest.o  -v -Wl,-soname -Wl,conftest -o conftest 2\>\&1 \| /usr/bin/grep  -lc  \>/dev/null 2\>\&1
configure:11633: $? = 0
configure:11647: result: no
configure:11807: checking dynamic linker characteristics
configure:12389: gcc -o conftest    -Wl,-rpath -Wl,/foo conftest.c  >&5
configure:12389: $? = 0
configure:12640: result: GNU/Linux ld.so
configure:12762: checking how to hardcode library paths into programs
configure:12787: result: immediate
configure:13339: checking whether stripping libraries is possible
configure:13348: result: yes
configure:13390: checking if libtool supports shared libraries
configure:13392: result: yes
configure:13395: checking whether to build shared libraries
configure:13420: result: yes
configure:13423: checking whether to build static libraries
configure:13427: result: yes
configure:13450: checking how to run the C++ preprocessor
configure:13472: g++ -E  conftest.cpp
configure:13472: $? = 0
configure:13487: g++ -E  conftest.cpp
conftest.cpp:23:10: fatal error: ac_nonexistent.h: No such file or directory
   23 | #include <ac_nonexistent.h>
      |          ^~~~~~~~~~~~~~~~~~
compilation terminated.
configure:13487: $? = 1
configure: failed program was:
| /* confdefs.h */
| #define PACKAGE_NAME "Google C++ Testing Framework"
| #define PACKAGE_TARNAME "gtest"
| #define PACKAGE_VERSION "1.7.0"
| #define PACKAGE_STRING "Google C++ Testing Framework 1.7.0"
| #define PACKAGE_BUGREPORT "googletestframework@googlegroups.com"
| #define PACKAGE_URL ""
| #define PACKAGE "gtest"
| #define VERSION "1.7.0"
| #define HAVE_STDIO_H 1
| #define HAVE_STDLIB_H 1
| #define HAVE_STRING_H 1
| #define HAVE_INTTYPES_H 1
| #define HAVE_STDINT_H 1
| #define HAVE_STRINGS_H 1
| #define HAVE_SYS_STAT_H 1
| #define HAVE_SYS_TYPES_H 1
| #define HAVE_UNISTD_H 1
| #define STDC_HEADERS 1
| #define HAVE_DLFCN_H 1
| #define LT_OBJDIR ".libs/"
| /* end confdefs.h.  */
| #include <ac_nonexistent.h>
configure:13514: result: g++ -E
configure:13528: g++ -E  conftest.cpp
configure:13528: $? = 0
configure:13543: g++ -E  conftest.cpp
conftest.cpp:23:10: fatal error: ac_nonexistent.h: No such file or directory
   23 | #include <ac_nonexistent.h>
      |          ^~~~~~~~~~~~~~~~~~
compilation terminated.
configure:13543: $? = 1
configure: failed program was:
| /* confdefs.h */
| #define PACKAGE_NAME "Google C++ Testing Framework"
| #define PACKAGE_TARNAME "gtest"
| #define PACKAGE_VERSION "1.7.0"
| #define PACKAGE_STRING "Google C++ Testing Framework 1.7.0"
| #define PACKAGE_BUGREPORT "googletestframework@googlegroups.com"
| #define PACKAGE_URL ""
| #define PACKAGE "gtest"
| #define VERSION "1.7.0"
| #define HAVE_STDIO_H 1
| #define HAVE_STDLIB_H 1
| #define HAVE_STRING_H 1
| #define HAVE_INTTYPES_H 1
| #define HAVE_STDINT_H 1
| #define HAVE_STRINGS_H 1
| #define HAVE_SYS_STAT_H 1
| #define HAVE_SYS_TYPES_H 1
| #define HAVE_UNISTD_H 1
| #define STDC_HEADERS 1
| #define HAVE_DLFCN_H 1
| #define LT_OBJDIR ".libs/"
| /* end confdefs.h.  */
| #include <ac_nonexistent.h>
configure:13708: checking for ld used by g++
configure:13776: result: /usr/bin/ld -m elf_x86_64
configure:13783: checking if the linker (/usr/bin/ld -m elf_x86_64) is GNU ld
configure:13799: result: yes
configure:13854: checking whether the g++ linker (/usr/bin/ld -m elf_x86_64) supports shared libraries
configure:14932: result: yes
configure:14968: g++ -c -std=gnu++11 -fPIC  conftest.cpp >&5
configure:14971: $? = 0
configure:15452: checking for g++ option to produce PIC
configure:15460: result: -fPIC -DPIC
configure:15468: checking if g++ PIC flag -fPIC -DPIC works
configure:15487: g++ -c -std=gnu++11 -fPIC  -fPIC -DPIC -DPIC conftest.cpp >&5
configure:15491: $? = 0
configure:15504: result: yes
configure:15527: checking if g++ static flag -static works
configure:15556: result: yes
configure:15568: checking if g++ supports -c -o file.o
configure:15590: g++ -c -std=gnu++11 -fPIC  -o out/conftest2.o conftest.cpp >&5
configure:15594: $? = 0
configure:15616: result: yes
configure:15621: checking if g++ supports -c -o file.o
configure:15669: result: yes
configure:15699: checking whether the g++ linker (/usr/bin/ld -m elf_x86_64) supports shared libraries
configure:15742: result: yes
configure:15884: checking dynamic linker characteristics
configure:16644: result: GNU/Linux ld.so
configure:16709: checking how to hardcode library paths into programs
configure:16734: result: immediate
configure:16804: checking for python
configure:16827: found /usr/bin/python
configure:16840: result: /usr/bin/python
configure:16859: /usr/bin/python -c import sys # split strings by '.' and convert to numeric. Append some zeros # because we need at least 4 digits for the hex conversion. # map returns an iterator in Python 3.0 and a list in 2.x minver = list(map(int, '2.3'.split('.'))) + [0, 0, 0] minverhex = 0 # xrange is not present in Python 3.0 and range returns an iterator for i in list(range(0, 4)): minverhex = (minverhex << 8) + minver[i] sys.exit(sys.hexversion < minverhex)
configure:16862: $? = 0
configure:17061: checking for the pthreads library -lpthreads
configure:17094: gcc -o conftest     conftest.c -lpthreads  >&5
/usr/bin/ld: cannot find -lpthreads: No such file or directory
collect2: error: ld returned 1 exit status
configure:17094: $? = 1
configure: failed program was:
| /* confdefs.h */
| #define PACKAGE_NAME "Google C++ Testing Framework"
| #define PACKAGE_TARNAME "gtest"
| #define PACKAGE_VERSION "1.7.0"
| #define PACKAGE_STRING "Google C++ Testing Framework 1.7.0"
| #define PACKAGE_BUGREPORT "googletestframework@googlegroups.com"
| #define PACKAGE_URL ""
| #define PACKAGE "gtest"
| #define VERSION "1.7.0"
| #define HAVE_STDIO_H 1
| #define HAVE_STDLIB_H 1
| #define HAVE_STRING_H 1
| #define HAVE_INTTYPES_H 1
| #define HAVE_STDINT_H 1
| #define HAVE_STRINGS_H 1
| #define HAVE_SYS_STAT_H 1
| #define HAVE_SYS_TYPES_H 1
| #define HAVE_UNISTD_H 1
| #define STDC_HEADERS 1
| #define HAVE_DLFCN_H 1
| #define LT_OBJDIR ".libs/"
| /* end confdefs.h.  */
| #include <pthread.h>
| int
| main (void)
| {
| pthread_t th; pthread_join(th, 0);
|                      pthread_attr_init(0); pthread_cleanup_push(0, 0);
|                      pthread_create(0,0,0,0); pthread_cleanup_pop(0);
|   ;
|   return 0;
| }
configure:17104: result: no
configure:17001: checking whether pthreads work without any flags
configure:17094: gcc -o conftest     conftest.c   >&5
configure:17094: $? = 0
configure:17104: result: yes
configure:17123: checking for joinable pthread attribute
configure:17138: gcc -o conftest     conftest.c   >&5
configure:17138: $? = 0
configure:17145: result: PTHREAD_CREATE_JOINABLE
configure:17153: checking if more special flags are required for pthreads
configure:17160: result: no
configure:17254: checking whether to check for GCC pthread/shared inconsistencies
configure:17267: gcc -o conftest -shared -fPIC -Wl,-z,defs     conftest.c   >&5
configure:17267: $? = 0
configure:17280: result: yes
configure:17286: checking whether -pthread is sufficient with -shared
configure:17301: gcc -o conftest -shared -fPIC -Wl,-z,defs     conftest.c   >&5
configure:17301: $? = 0
configure:17309: result: yes
configure:17553: checking that generated files are newer than configure
configure:17559: result: done
configure:17594: creating ./config.status

## ---------------------- ##
## Running config.status. ##
## ---------------------- ##

This file was extended by Google C++ Testing Framework config.status 1.7.0, which was
generated by GNU Autoconf 2.71.  Invocation command line was

  CONFIG_FILES    = 
  CONFIG_HEADERS  = 
  CONFIG_LINKS    = 
  CONFIG_COMMANDS = 
  $ ./config.status 

on TKTDebian

config.status:1156: creating Makefile
config.status:1156: creating scripts/gtest-config
config.status:1156: creating build-aux/config.h
config.status:1385: executing depfiles commands
config.status:1463: cd .       && sed -e '/# am--include-marker/d' Makefile         | make -f - am--depfiles
config.status:1468: $? = 0
config.status:1385: executing libtool commands

## ---------------- ##
## Cache variables. ##
## ---------------- ##

ac_cv_build=x86_64-pc-linux-gnu
ac_cv_c_compiler_gnu=yes
ac_cv_cxx_compiler_gnu=yes
ac_cv_env_CCC_set=
ac_cv_env_CCC_value=
ac_cv_env_CC_set=
ac_cv_env_CC_value=
ac_cv_env_CFLAGS_set=set
ac_cv_env_CFLAGS_value=
ac_cv_env_CPPFLAGS_set=
ac_cv_env_CPPFLAGS_value=
ac_cv_env_CXXCPP_set=
ac_cv_env_CXXCPP_value=
ac_cv_env_CXXFLAGS_set=set
ac_cv_env_CXXFLAGS_value='-std=gnu++11 -fPIC'
ac_cv_env_CXX_set=
ac_cv_env_CXX_value=
ac_cv_env_LDFLAGS_set=
ac_cv_env_LDFLAGS_value=
ac_cv_env_LIBS_set=
ac_cv_env_LIBS_value=
ac_cv_env_LT_SYS_LIBRARY_PATH_set=
ac_cv_env_LT_SYS_LIBRARY_PATH_value=
ac_cv_env_build_alias_set=
ac_cv_env_build_alias_value=
ac_cv_env_host_alias_set=
ac_cv_env_host_alias_value=
ac_cv_env_target_alias_set=
ac_cv_env_target_alias_value=
ac_cv_header_dlfcn_h=yes
ac_cv_header_inttypes_h=yes
ac_cv_header_stdint_h=yes
ac_cv_header_stdio_h=yes
ac_cv_header_stdlib_h=yes
ac_cv_header_string_h=yes
ac_cv_header_strings_h=yes
ac_cv_header_sys_stat_h=yes
ac_cv_header_sys_types_h=yes
ac_cv_header_unistd_h=yes
ac_cv_host=x86_64-pc-linux-gnu
ac_cv_objext=o
ac_cv_path_EGREP='/usr/bin/grep -E'
ac_cv_path_FGREP='/usr/bin/grep -F'
ac_cv_path_GREP=/usr/bin/grep
ac_cv_path_PYTHON=/usr/bin/python
ac_cv_path_SED=/usr/bin/sed
ac_cv_path_install='/usr/bin/install -c'
ac_cv_path_lt_DD=/usr/bin/dd
ac_cv_path_mkdir=/usr/bin/mkdir
ac_cv_prog_AWK=mawk
ac_cv_prog_CXXCPP='g++ -E'
ac_cv_prog_ac_ct_AR=ar
ac_cv_prog_ac_ct_CC=gcc
ac_cv_prog_ac_ct_CXX=g++
ac_cv_prog_ac_ct_FILECMD=file
ac_cv_prog_ac_ct_MANIFEST_TOOL=mt
ac_cv_prog_ac_ct_OBJDUMP=objdump
ac_cv_prog_ac_ct_RANLIB=ranlib
ac_cv_prog_ac_ct_STRIP=strip
ac_cv_prog_cc_c11=
ac_cv_prog_cc_g=yes
ac_cv_prog_cc_stdc=
ac_cv_prog_cxx_cxx11=
ac_cv_prog_cxx_g=yes
ac_cv_prog_cxx_stdcxx=
ac_cv_prog_make_make_set=yes
am_cv_CC_dependencies_compiler_type=gcc3
am_cv_CXX_dependencies_compiler_type=gcc3
am_cv_make_support_nested_variables=yes
am_cv_prog_cc_c_o=yes
lt_cv_ar_at_file=@
lt_cv_archive_cmds_need_lc=no
lt_cv_deplibs_check_method=pass_all
lt_cv_file_magic_cmd='$MAGIC_CMD'
lt_cv_file_magic_test_file=
lt_cv_ld_reload_flag=-r
lt_cv_nm_interface='BSD nm'
lt_cv_objdir=.libs
lt_cv_path_LD=/usr/bin/ld
lt_cv_path_LDCXX='/usr/bin/ld -m elf_x86_64'
lt_cv_path_NM='/usr/bin/nm -B'
lt_cv_path_mainfest_tool=no
lt_cv_prog_compiler_c_o=yes
lt_cv_prog_compiler_c_o_CXX=yes
lt_cv_prog_compiler_pic='-fPIC -DPIC'
lt_cv_prog_compiler_pic_CXX='-fPIC -DPIC'
lt_cv_prog_compiler_pic_works=yes
lt_cv_prog_compiler_pic_works_CXX=yes
lt_cv_prog_compiler_rtti_exceptions=no
lt_cv_prog_compiler_static_works=yes
lt_cv_prog_compiler_static_works_CXX=yes
lt_cv_prog_gnu_ld=yes
lt_cv_prog_gnu_ldcxx=yes
lt_cv_sharedlib_from_linklib_cmd='printf %s\n'
lt_cv_shlibpath_overrides_runpath=yes
lt_cv_sys_global_symbol_pipe='/usr/bin/sed -n -e '\''s/^.*[	 ]\([ABCDGIRSTW][ABCDGIRSTW]*\)[	 ][	 ]*\([_A-Za-z][_A-Za-z0-9]*\)$/\1 \2 \2/p'\'' | /usr/bin/sed '\''/ __gnu_lto/d'\'''
lt_cv_sys_global_symbol_to_c_name_address='/usr/bin/sed -n -e '\''s/^: \(.*\) .*$/  {"\1", (void *) 0},/p'\'' -e '\''s/^[ABCDGIRSTW][ABCDGIRSTW]* .* \(.*\)$/  {"\1", (void *) \&\1},/p'\'''
lt_cv_sys_global_symbol_to_c_name_address_lib_prefix='/usr/bin/sed -n -e '\''s/^: \(.*\) .*$/  {"\1", (void *) 0},/p'\'' -e '\''s/^[ABCDGIRSTW][ABCDGIRSTW]* .* \(lib.*\)$/  {"\1", (void *) \&\1},/p'\'' -e '\''s/^[ABCDGIRSTW][ABCDGIRSTW]* .* \(.*\)$/  {"lib\1", (void *) \&\1},/p'\'''
lt_cv_sys_global_symbol_to_cdecl='/usr/bin/sed -n -e '\''s/^T .* \(.*\)$/extern int \1();/p'\'' -e '\''s/^[ABCDGIRSTW][ABCDGIRSTW]* .* \(.*\)$/extern char \1;/p'\'''
lt_cv_sys_global_symbol_to_import=
lt_cv_sys_max_cmd_len=1572864
lt_cv_to_host_file_cmd=func_convert_file_noop
lt_cv_to_tool_file_cmd=func_convert_file_noop
lt_cv_truncate_bin='/usr/bin/dd bs=4096 count=1'

## ----------------- ##
## Output variables. ##
## ----------------- ##

ACLOCAL='${SHELL} '\''/home/tkt/Documents/GitHub/CalvinDB/ext/protobuf/gmock/gtest/build-aux/missing'\'' aclocal-1.16'
AMDEPBACKSLASH='\'
AMDEP_FALSE='#'
AMDEP_TRUE=''
AMTAR='$${TAR-tar}'
AM_BACKSLASH='\'
AM_DEFAULT_V='$(AM_DEFAULT_VERBOSITY)'
AM_DEFAULT_VERBOSITY='1'
AM_V='$(V)'
AR='ar'
AUTOCONF='${SHELL} '\''/home/tkt/Documents/GitHub/CalvinDB/ext/protobuf/gmock/gtest/build-aux/missing'\'' autoconf'
AUTOHEADER='${SHELL} '\''/home/tkt/Documents/GitHub/CalvinDB/ext/protobuf/gmock/gtest/build-aux/missing'\'' autoheader'
AUTOMAKE='${SHELL} '\''/home/tkt/Documents/GitHub/CalvinDB/ext/protobuf/gmock/gtest/build-aux/missing'\'' automake-1.16'
AWK='mawk'
CC='gcc'
CCDEPMODE='depmode=gcc3'
CFLAGS=''
CPPFLAGS=''
CSCOPE='cscope'
CTAGS='ctags'
CXX='g++'
CXXCPP='g++ -E'
CXXDEPMODE='depmode=gcc3'
CXXFLAGS='-std=gnu++11 -fPIC'
CYGPATH_W='echo'
DEFS='-DHAVE_CONFIG_H'
DEPDIR='.deps'
DLLTOOL='false'
DSYMUTIL=''
DUMPBIN=''
ECHO_C=''
ECHO_N='-n'
ECHO_T=''
EGREP='/usr/bin/grep -E'
ETAGS='etags'
EXEEXT=''
FGREP='/usr/bin/grep -F'
FILECMD='file'
GREP='/usr/bin/grep'
HAVE_PTHREADS_FALSE='#'
HAVE_PTHREADS_TRUE=''
HAVE_PYTHON_FALSE='#'
HAVE_PYTHON_TRUE=''
INSTALL_DATA='${INSTALL} -m 644'
INSTALL_PROGRAM='${INSTALL}'
INSTALL_SCRIPT='${INSTALL}'
INSTALL_STRIP_PROGRAM='$(install_sh) -c -s'
LD='/usr/bin/ld -m elf_x86_64'
LDFLAGS=''
LIBOBJS=''
LIBS=''
LIBTOOL='$(SHELL) $(top_builddir)/libtool'
LIPO=''
LN_S='ln -s'
LTLIBOBJS=''
LT_SYS_LIBRARY_PATH=''
MAKEINFO='${SHELL} '\''/home/tkt/Documents/GitHub/CalvinDB/ext/protobuf/gmock/gtest/build-aux/missing'\'' makeinfo'
MANIFEST_TOOL=':'
MKDIR_P='/usr/bin/mkdir -p'
NM='/usr/bin/nm -B'
NMEDIT=''
OBJDUMP='objdump'
OBJEXT='o'
OTOOL64=''
OTOOL=''
PACKAGE='gtest'
PACKAGE_BUGREPORT='googletestframework@googlegroups.com'
PACKAGE_NAME='Google C++ Testing Framework'
PACKAGE_STRING='Google C++ Testing Framework 1.7.0'
PACKAGE_TARNAME='gtest'
PACKAGE_URL=''
PACKAGE_VERSION='1.7.0'
PATH_SEPARATOR=':'
PTHREAD_CC='gcc'
PTHREAD_CFLAGS=''
PTHREAD_LIBS=''
PYTHON='/usr/bin/python'
RANLIB='ranlib'
SED='/usr/bin/sed'
SET_MAKE=''
SHELL='/bin/bash'
STRIP='strip'
VERSION='1.7.0'
ac_ct_AR='ar'
ac_ct_CC='gcc'
ac_ct_CXX='g++'
ac_ct_DUMPBIN=''
acx_pthread_config=''
am__EXEEXT_FALSE=''
am__EXEEXT_TRUE='#'
am__fastdepCC_FALSE='#'
am__fastdepCC_TRUE=''
am__fastdepCXX_FALSE='#'
am__fastdepCXX_TRUE=''
am__include='include'
am__isrc=''
am__leading_dot='.'
am__nodep='_no'
am__quote=''
am__tar='$${TAR-tar} chof - "$$tardir"'
am__untar='$${TAR-tar} xf -'
bindir='${exec_prefix}/bin'
build='x86_64-pc-linux-gnu'
build_alias=''
build_cpu='x86_64'
build_os='linux-gnu'
build_vendor='pc'
datadir='${datarootdir}'
datarootdir='${prefix}/share'
docdir='${datarootdir}/doc/${PACKAGE_TARNAME}'
dvidir='${docdir}'
exec_prefix='${prefix}'
host='x86_64-pc-linux-gnu'
host_alias=''
host_cpu='x86_64'
host_os='linux-gnu'
host_vendor='pc'
htmldir='${docdir}'
includedir='${prefix}/include'
infodir='${datarootdir}/info'
install_sh='${SHELL} /home/tkt/Documents/GitHub/CalvinDB/ext/protobuf/gmock/gtest/build-aux/install-sh'
libdir='${exec_prefix}/lib'
libexecdir='${exec_prefix}/libexec'
localedir='${datarootdir}/locale'
localstatedir='${prefix}/var'
mandir='${datarootdir}/man'
mkdir_p='$(MKDIR_P)'
oldincludedir='/usr/include'
pdfdir='${docdir}'
prefix='/home/tkt/Documents/GitHub/CalvinDB/ext/protobuf'
program_transform_name='s,x,x,'
psdir='${docdir}'
runstatedir='${localstatedir}/run'
sbindir='${exec_prefix}/sbin'
sharedstatedir='${prefix}/com'
sysconfdir='${prefix}/etc'
target_alias=''

## ----------- ##
## confdefs.h. ##
## ----------- ##

/* confdefs.h */
#define PACKAGE_NAME "Google C++ Testing Framework"
#define PACKAGE_TARNAME "gtest"
#define PACKAGE_VERSION "1.7.0"
#define PACKAGE_STRING "Google C++ Testing Framework 1.7.0"
#define PACKAGE_BUGREPORT "googletestframework@googlegroups.com"
#define PACKAGE_URL ""
#define PACKAGE "gtest"
#define VERSION "1.7.0"
#define HAVE_STDIO_H 1
#define HAVE_STDLIB_H 1
#define HAVE_STRING_H 1
#define HAVE_INTTYPES_H 1
#define HAVE_STDINT_H 1
#define HAVE_STRINGS_H 1
#define HAVE_SYS_STAT_H 1
#define HAVE_SYS_TYPES_H 1
#define HAVE_UNISTD_H 1
#define STDC_HEADERS 1
#define HAVE_DLFCN_H 1
#define LT_OBJDIR ".libs/"
#define HAVE_PTHREAD 1

configure: exit 0
